# JRE version: OpenJDK Runtime Environment (11.0.5+10) (build 11.0.5+10-post-Ubuntu-0ubuntu1.118.04)
# Java VM: OpenJDK 64-Bit Server VM (11.0.5+10-post-Ubuntu-0ubuntu1.118.04, mixed mode, tiered, compressed oops, g1 gc, linux-aarch64)
Heap:
 garbage-first heap   total 418816K, used 134335K [0x0000000708600000, 0x0000000800000000)
  region size 1024K, 65 young (66560K), 20 survivors (20480K)
 Metaspace       used 121094K, capacity 130697K, committed 130820K, reserved 1157120K
  class space    used 18411K, capacity 23542K, committed 23556K, reserved 1048576K
GC Heap History (20 events):
Event: 2.631 GC heap before
{Heap before GC invocations=4 (full 0):
 garbage-first heap   total 253952K, used 14957K [0x0000000708600000, 0x0000000800000000)
  region size 1024K, 13 young (13312K), 6 survivors (6144K)
 Metaspace       used 35010K, capacity 35848K, committed 35920K, reserved 1081344K
  class space    used 4425K, capacity 4759K, committed 4784K, reserved 1048576K
}
Event: 2.638 GC heap after
{Heap after GC invocations=5 (full 0):
 garbage-first heap   total 253952K, used 9527K [0x0000000708600000, 0x0000000800000000)
  region size 1024K, 7 young (7168K), 7 survivors (7168K)
 Metaspace       used 35010K, capacity 35848K, committed 35920K, reserved 1081344K
  class space    used 4425K, capacity 4759K, committed 4784K, reserved 1048576K
}
Event: 6.271 GC heap before
{Heap before GC invocations=6 (full 0):
 garbage-first heap   total 253952K, used 111927K [0x0000000708600000, 0x0000000800000000)
  region size 1024K, 109 young (111616K), 7 survivors (7168K)
 Metaspace       used 58385K, capacity 60381K, committed 60420K, reserved 1101824K
  class space    used 7642K, capacity 8693K, committed 8708K, reserved 1048576K
}
Event: 6.304 GC heap after
{Heap after GC invocations=7 (full 0):
 garbage-first heap   total 315392K, used 17670K [0x0000000708600000, 0x0000000800000000)
  region size 1024K, 15 young (15360K), 15 survivors (15360K)
 Metaspace       used 58385K, capacity 60381K, committed 60420K, reserved 1101824K
  class space    used 7642K, capacity 8693K, committed 8708K, reserved 1048576K
}
Event: 10.102 GC heap before
{Heap before GC invocations=8 (full 0):
 garbage-first heap   total 315392K, used 143622K [0x0000000708600000, 0x0000000800000000)
  region size 1024K, 139 young (142336K), 15 survivors (15360K)
 Metaspace       used 80289K, capacity 85020K, committed 85380K, reserved 1120256K
  class space    used 11996K, capacity 14603K, committed 14724K, reserved 1048576K
}
Event: 10.147 GC heap after
{Heap after GC invocations=9 (full 0):
 garbage-first heap   total 315392K, used 26908K [0x0000000708600000, 0x0000000800000000)
  region size 1024K, 18 young (18432K), 18 survivors (18432K)
 Metaspace       used 80289K, capacity 85020K, committed 85380K, reserved 1120256K
  class space    used 11996K, capacity 14603K, committed 14724K, reserved 1048576K
}
Event: 15.145 GC heap before
{Heap before GC invocations=9 (full 0):
 garbage-first heap   total 315392K, used 187676K [0x0000000708600000, 0x0000000800000000)
  region size 1024K, 176 young (180224K), 18 survivors (18432K)
 Metaspace       used 94295K, capacity 101124K, committed 101128K, reserved 1132544K
  class space    used 14834K, capacity 18563K, committed 18564K, reserved 1048576K
}
Event: 15.204 GC heap after
{Heap after GC invocations=10 (full 0):
 garbage-first heap   total 315392K, used 31600K [0x0000000708600000, 0x0000000800000000)
  region size 1024K, 14 young (14336K), 14 survivors (14336K)
 Metaspace       used 94295K, capacity 101124K, committed 101128K, reserved 1132544K
  class space    used 14834K, capacity 18563K, committed 18564K, reserved 1048576K
}
Event: 25.621 GC heap before
{Heap before GC invocations=11 (full 0):
 garbage-first heap   total 315392K, used 205680K [0x0000000708600000, 0x0000000800000000)
  region size 1024K, 184 young (188416K), 14 survivors (14336K)
 Metaspace       used 105789K, capacity 113904K, committed 114180K, reserved 1142784K
  class space    used 16527K, capacity 20881K, committed 20996K, reserved 1048576K
}
Event: 25.781 GC heap after
{Heap after GC invocations=12 (full 0):
 garbage-first heap   total 315392K, used 59085K [0x0000000708600000, 0x0000000800000000)
  region size 1024K, 23 young (23552K), 23 survivors (23552K)
 Metaspace       used 105789K, capacity 113904K, committed 114180K, reserved 1142784K
  class space    used 16527K, capacity 20881K, committed 20996K, reserved 1048576K
}
Event: 26.114 GC heap before
{Heap before GC invocations=12 (full 0):
 garbage-first heap   total 315392K, used 65229K [0x0000000708600000, 0x0000000800000000)
  region size 1024K, 29 young (29696K), 23 survivors (23552K)
 Metaspace       used 105816K, capacity 113912K, committed 114180K, reserved 1142784K
  class space    used 16527K, capacity 20881K, committed 20996K, reserved 1048576K
}
Event: 26.227 GC heap after
{Heap after GC invocations=13 (full 0):
 garbage-first heap   total 418816K, used 63768K [0x0000000708600000, 0x0000000800000000)
  region size 1024K, 4 young (4096K), 4 survivors (4096K)
 Metaspace       used 105816K, capacity 113912K, committed 114180K, reserved 1142784K
  class space    used 16527K, capacity 20881K, committed 20996K, reserved 1048576K
}
Event: 30.272 GC heap before
{Heap before GC invocations=13 (full 0):
 garbage-first heap   total 418816K, used 159000K [0x0000000708600000, 0x0000000800000000)
  region size 1024K, 93 young (95232K), 4 survivors (4096K)
 Metaspace       used 110128K, capacity 119052K, committed 119172K, reserved 1146880K
  class space    used 17325K, capacity 22090K, committed 22148K, reserved 1048576K
}
Event: 30.305 GC heap after
{Heap after GC invocations=14 (full 0):
 garbage-first heap   total 418816K, used 69083K [0x0000000708600000, 0x0000000800000000)
  region size 1024K, 8 young (8192K), 8 survivors (8192K)
 Metaspace       used 110128K, capacity 119052K, committed 119172K, reserved 1146880K
  class space    used 17325K, capacity 22090K, committed 22148K, reserved 1048576K
}
Event: 32.639 GC heap before
{Heap before GC invocations=14 (full 0):
 garbage-first heap   total 418816K, used 152027K [0x0000000708600000, 0x0000000800000000)
  region size 1024K, 90 young (92160K), 8 survivors (8192K)
 Metaspace       used 110686K, capacity 119591K, committed 119684K, reserved 1146880K
  class space    used 17327K, capacity 22091K, committed 22148K, reserved 1048576K
}
Event: 32.663 GC heap after
{Heap after GC invocations=15 (full 0):
 garbage-first heap   total 418816K, used 71517K [0x0000000708600000, 0x0000000800000000)
  region size 1024K, 4 young (4096K), 4 survivors (4096K)
 Metaspace       used 110686K, capacity 119591K, committed 119684K, reserved 1146880K
  class space    used 17327K, capacity 22091K, committed 22148K, reserved 1048576K
}
Event: 36.288 GC heap before
{Heap before GC invocations=15 (full 0):
 garbage-first heap   total 418816K, used 204637K [0x0000000708600000, 0x0000000800000000)
  region size 1024K, 131 young (134144K), 4 survivors (4096K)
 Metaspace       used 114342K, capacity 123586K, committed 123780K, reserved 1150976K
  class space    used 17709K, capacity 22635K, committed 22660K, reserved 1048576K
}
Event: 36.303 GC heap after
{Heap after GC invocations=16 (full 0):
 garbage-first heap   total 418816K, used 73418K [0x0000000708600000, 0x0000000800000000)
  region size 1024K, 6 young (6144K), 6 survivors (6144K)
 Metaspace       used 114342K, capacity 123586K, committed 123780K, reserved 1150976K
  class space    used 17709K, capacity 22635K, committed 22660K, reserved 1048576K
}
Event: 41.386 GC heap before
{Heap before GC invocations=16 (full 0):
 garbage-first heap   total 418816K, used 261834K [0x0000000708600000, 0x0000000800000000)
  region size 1024K, 182 young (186368K), 6 survivors (6144K)
 Metaspace       used 118034K, capacity 127511K, committed 127620K, reserved 1153024K
  class space    used 18078K, capacity 23123K, committed 23172K, reserved 1048576K
}
Event: 41.404 GC heap after
{Heap after GC invocations=17 (full 0):
 garbage-first heap   total 418816K, used 89279K [0x0000000708600000, 0x0000000800000000)
  region size 1024K, 20 young (20480K), 20 survivors (20480K)
 Metaspace       used 118034K, capacity 127511K, committed 127620K, reserved 1153024K
  class space    used 18078K, capacity 23123K, committed 23172K, reserved 1048576K
}

