# JRE version: OpenJDK Runtime Environment (11.0.5+10) (build 11.0.5+10-post-Ubuntu-0ubuntu1.118.04)
# Java VM: OpenJDK 64-Bit Server VM (11.0.5+10-post-Ubuntu-0ubuntu1.118.04, mixed mode, tiered, compressed oops, g1 gc, linux-aarch64)
Heap:
 garbage-first heap   total 215040K, used 40095K [0x0000000708600000, 0x0000000800000000)
  region size 1024K, 22 young (22528K), 13 survivors (13312K)
 Metaspace       used 78169K, capacity 82283K, committed 82432K, reserved 1118208K
  class space    used 11356K, capacity 13471K, committed 13568K, reserved 1048576K
GC Heap History (20 events):
Event: 8.185 GC heap before
{Heap before GC invocations=9 (full 0):
 garbage-first heap   total 122880K, used 79944K [0x0000000708600000, 0x0000000800000000)
  region size 1024K, 72 young (73728K), 3 survivors (3072K)
 Metaspace       used 28818K, capacity 29292K, committed 29440K, reserved 1075200K
  class space    used 3369K, capacity 3572K, committed 3584K, reserved 1048576K
}
Event: 8.196 GC heap after
{Heap after GC invocations=10 (full 0):
 garbage-first heap   total 147456K, used 10397K [0x0000000708600000, 0x0000000800000000)
  region size 1024K, 4 young (4096K), 4 survivors (4096K)
 Metaspace       used 28818K, capacity 29292K, committed 29440K, reserved 1075200K
  class space    used 3369K, capacity 3572K, committed 3584K, reserved 1048576K
}
Event: 9.555 GC heap before
{Heap before GC invocations=10 (full 0):
 garbage-first heap   total 147456K, used 70813K [0x0000000708600000, 0x0000000800000000)
  region size 1024K, 44 young (45056K), 4 survivors (4096K)
 Metaspace       used 35053K, capacity 35795K, committed 35840K, reserved 1081344K
  class space    used 4201K, capacity 4589K, committed 4608K, reserved 1048576K
}
Event: 9.573 GC heap after
{Heap after GC invocations=11 (full 0):
 garbage-first heap   total 147456K, used 34180K [0x0000000708600000, 0x0000000800000000)
  region size 1024K, 7 young (7168K), 7 survivors (7168K)
 Metaspace       used 35053K, capacity 35795K, committed 35840K, reserved 1081344K
  class space    used 4201K, capacity 4589K, committed 4608K, reserved 1048576K
}
Event: 9.912 GC heap before
{Heap before GC invocations=12 (full 0):
 garbage-first heap   total 147456K, used 94596K [0x0000000708600000, 0x0000000800000000)
  region size 1024K, 77 young (78848K), 7 survivors (7168K)
 Metaspace       used 37418K, capacity 38425K, committed 38656K, reserved 1083392K
  class space    used 4552K, capacity 5029K, committed 5120K, reserved 1048576K
}
Event: 9.928 GC heap after
{Heap after GC invocations=13 (full 0):
 garbage-first heap   total 147456K, used 24570K [0x0000000708600000, 0x0000000800000000)
  region size 1024K, 6 young (6144K), 6 survivors (6144K)
 Metaspace       used 37418K, capacity 38425K, committed 38656K, reserved 1083392K
  class space    used 4552K, capacity 5029K, committed 5120K, reserved 1048576K
}
Event: 10.214 GC heap before
{Heap before GC invocations=13 (full 0):
 garbage-first heap   total 147456K, used 99322K [0x0000000708600000, 0x0000000800000000)
  region size 1024K, 80 young (81920K), 6 survivors (6144K)
 Metaspace       used 39712K, capacity 40802K, committed 40960K, reserved 1085440K
  class space    used 4960K, capacity 5542K, committed 5632K, reserved 1048576K
}
Event: 10.227 GC heap after
{Heap after GC invocations=14 (full 0):
 garbage-first heap   total 147456K, used 25066K [0x0000000708600000, 0x0000000800000000)
  region size 1024K, 6 young (6144K), 6 survivors (6144K)
 Metaspace       used 39712K, capacity 40802K, committed 40960K, reserved 1085440K
  class space    used 4960K, capacity 5542K, committed 5632K, reserved 1048576K
}
Event: 10.505 GC heap before
{Heap before GC invocations=14 (full 0):
 garbage-first heap   total 147456K, used 106986K [0x0000000708600000, 0x0000000800000000)
  region size 1024K, 86 young (88064K), 6 survivors (6144K)
 Metaspace       used 41652K, capacity 43071K, committed 43392K, reserved 1087488K
  class space    used 5398K, capacity 6161K, committed 6272K, reserved 1048576K
}
Event: 10.525 GC heap after
{Heap after GC invocations=15 (full 0):
 garbage-first heap   total 177152K, used 25388K [0x0000000708600000, 0x0000000800000000)
  region size 1024K, 7 young (7168K), 7 survivors (7168K)
 Metaspace       used 41652K, capacity 43071K, committed 43392K, reserved 1087488K
  class space    used 5398K, capacity 6161K, committed 6272K, reserved 1048576K
}
Event: 10.820 GC heap before
{Heap before GC invocations=15 (full 0):
 garbage-first heap   total 177152K, used 117548K [0x0000000708600000, 0x0000000800000000)
  region size 1024K, 97 young (99328K), 7 survivors (7168K)
 Metaspace       used 44108K, capacity 45733K, committed 45952K, reserved 1089536K
  class space    used 5838K, capacity 6717K, committed 6784K, reserved 1048576K
}
Event: 10.847 GC heap after
{Heap after GC invocations=16 (full 0):
 garbage-first heap   total 177152K, used 25828K [0x0000000708600000, 0x0000000800000000)
  region size 1024K, 7 young (7168K), 7 survivors (7168K)
 Metaspace       used 44108K, capacity 45733K, committed 45952K, reserved 1089536K
  class space    used 5838K, capacity 6717K, committed 6784K, reserved 1048576K
}
Event: 11.273 GC heap before
{Heap before GC invocations=16 (full 0):
 garbage-first heap   total 177152K, used 124132K [0x0000000708600000, 0x0000000800000000)
  region size 1024K, 103 young (105472K), 7 survivors (7168K)
 Metaspace       used 46325K, capacity 48308K, committed 48384K, reserved 1089536K
  class space    used 6295K, capacity 7367K, committed 7424K, reserved 1048576K
}
Event: 11.290 GC heap after
{Heap after GC invocations=17 (full 0):
 garbage-first heap   total 177152K, used 25834K [0x0000000708600000, 0x0000000800000000)
  region size 1024K, 7 young (7168K), 7 survivors (7168K)
 Metaspace       used 46325K, capacity 48308K, committed 48384K, reserved 1089536K
  class space    used 6295K, capacity 7367K, committed 7424K, reserved 1048576K
}
Event: 12.861 GC heap before
{Heap before GC invocations=17 (full 0):
 garbage-first heap   total 177152K, used 123114K [0x0000000708600000, 0x0000000800000000)
  region size 1024K, 103 young (105472K), 7 survivors (7168K)
 Metaspace       used 50864K, capacity 53385K, committed 53632K, reserved 1095680K
  class space    used 6933K, capacity 8256K, committed 8320K, reserved 1048576K
}
Event: 12.883 GC heap after
{Heap after GC invocations=18 (full 0):
 garbage-first heap   total 177152K, used 30115K [0x0000000708600000, 0x0000000800000000)
  region size 1024K, 11 young (11264K), 11 survivors (11264K)
 Metaspace       used 50864K, capacity 53385K, committed 53632K, reserved 1095680K
  class space    used 6933K, capacity 8256K, committed 8320K, reserved 1048576K
}
Event: 14.397 GC heap before
{Heap before GC invocations=18 (full 0):
 garbage-first heap   total 177152K, used 89507K [0x0000000708600000, 0x0000000800000000)
  region size 1024K, 71 young (72704K), 11 survivors (11264K)
 Metaspace       used 57269K, capacity 60145K, committed 60288K, reserved 1099776K
  class space    used 7997K, capacity 9504K, committed 9600K, reserved 1048576K
}
Event: 14.437 GC heap after
{Heap after GC invocations=19 (full 0):
 garbage-first heap   total 215040K, used 32416K [0x0000000708600000, 0x0000000800000000)
  region size 1024K, 9 young (9216K), 9 survivors (9216K)
 Metaspace       used 57269K, capacity 60145K, committed 60288K, reserved 1099776K
  class space    used 7997K, capacity 9504K, committed 9600K, reserved 1048576K
}
Event: 17.939 GC heap before
{Heap before GC invocations=20 (full 0):
 garbage-first heap   total 215040K, used 137888K [0x0000000708600000, 0x0000000800000000)
  region size 1024K, 118 young (120832K), 9 survivors (9216K)
 Metaspace       used 76453K, capacity 80403K, committed 80512K, reserved 1116160K
  class space    used 11061K, capacity 13091K, committed 13184K, reserved 1048576K
}
Event: 17.968 GC heap after
{Heap after GC invocations=21 (full 0):
 garbage-first heap   total 215040K, used 31903K [0x0000000708600000, 0x0000000800000000)
  region size 1024K, 13 young (13312K), 13 survivors (13312K)
 Metaspace       used 76453K, capacity 80403K, committed 80512K, reserved 1116160K
  class space    used 11061K, capacity 13091K, committed 13184K, reserved 1048576K
}

