<?xml version='1.0' encoding='UTF-8'?>
<testsuite hostname="silk.local" name="wvlet.log.LogLevelScannerTest" tests="4" errors="0" failures="0" skipped="0" time="3.033">
                     <properties>
[...]
</properties>
                     <testcase classname="wvlet.log.LogLevelScannerTest" name="LogLevelScanner should scan log levels only once" time="0.018">
                                                 
                                               </testcase><testcase classname="wvlet.log.LogLevelScannerTest" name="LogLevelScanner should scan loglevels" time="1.005">
                                                 
                                               </testcase><testcase classname="wvlet.log.LogLevelScannerTest" name="LogLevelScanner should load another loglevel file" time="1.004">
                                                 
                                               </testcase><testcase classname="wvlet.log.LogLevelScannerTest" name="LogLevelScanner should load invalid loglevel file safely" time="1.006">
                                                 
                                               </testcase>
                     <system-out></system-out>
                     <system-err></system-err>
                   </testsuite>