<?xml version='1.0' encoding='UTF-8'?>
<testsuite hostname="iris.lan" name="wvlet.log.LoggerTest" tests="21" errors="0" failures="0" time="0.078">
                     <properties>
[...]
</properties>
                     <testcase classname="wvlet.log.LoggerTest" name="logger should use leaf logger name" time="0.001">
                                                 
                                               </testcase><testcase classname="wvlet.log.LoggerTest" name="logger should have access to root logger" time="0.004">
                                                 
                                               </testcase><testcase classname="wvlet.log.LoggerTest" name="logger should create logger from class" time="0.001">
                                                 
                                               </testcase><testcase classname="wvlet.log.LoggerTest" name="logger should display log messages" time="0.01">
                                                 
                                               </testcase><testcase classname="wvlet.log.LoggerTest" name="LogRecord" time="0.001">
                                                 
                                               </testcase><testcase classname="wvlet.log.LoggerTest" name="logger should support simple log format" time="0.002">
                                                 
                                               </testcase><testcase classname="wvlet.log.LoggerTest" name="logger should support app log format" time="0.006">
                                                 
                                               </testcase><testcase classname="wvlet.log.LoggerTest" name="logger should support source code log format" time="0.002">
                                                 
                                               </testcase><testcase classname="wvlet.log.LoggerTest" name="logger should support intellij format" time="0.004">
                                                 
                                               </testcase><testcase classname="wvlet.log.LoggerTest" name="logger should support tsv format" time="0.004">
                                                 
                                               </testcase><testcase classname="wvlet.log.LoggerTest" name="logger should can create local logger" time="0.001">
                                                 
                                               </testcase><testcase classname="wvlet.log.LoggerTest" name="logger should be able to change log levels" time="0.0">
                                                 
                                               </testcase><testcase classname="wvlet.log.LoggerTest" name="logger should support logging methods" time="0.001">
                                                 
                                               </testcase><testcase classname="wvlet.log.LoggerTest" name="logger should display exception stack traces" time="0.029">
                                                 
                                               </testcase><testcase classname="wvlet.log.LoggerTest" name="logger should support having a concrete logger" time="0.003">
                                                 
                                               </testcase><testcase classname="wvlet.log.LoggerTest" name="logger should use succinct name when used with anonymous trait" time="0.001">
                                                 
                                               </testcase><testcase classname="wvlet.log.LoggerTest" name="logger should Remove $ from object name" time="0.001">
                                                 
                                               </testcase><testcase classname="wvlet.log.LoggerTest" name="LogLevel" time="0.001">
                                                 
                                               </testcase><testcase classname="wvlet.log.LoggerTest" name="LogLevel should parse string log levels" time="0.005">
                                                 
                                               </testcase><testcase classname="wvlet.log.LoggerTest" name="LogLevel should be able to sort LogLevels" time="0.001">
                                                 
                                               </testcase><testcase classname="wvlet.log.LoggerTest" name="ConsoleLogHandler should support flush and close" time="0.0">
                                                 
                                               </testcase>
                     <system-out></system-out>
                     <system-err></system-err>
                   </testsuite>